mode: set
/home/jessica/dev/prs/git/MaybeGo/internal/maybego/cpu.go:62.20,214.16 17 1
/home/jessica/dev/prs/git/MaybeGo/internal/maybego/cpu.go:218.2,220.12 2 1
/home/jessica/dev/prs/git/MaybeGo/internal/maybego/cpu.go:214.16,216.3 1 0
/home/jessica/dev/prs/git/MaybeGo/internal/maybego/cpu.go:223.25,224.33 1 0
/home/jessica/dev/prs/git/MaybeGo/internal/maybego/cpu.go:228.2,228.20 1 0
/home/jessica/dev/prs/git/MaybeGo/internal/maybego/cpu.go:236.2,239.79 2 0
/home/jessica/dev/prs/git/MaybeGo/internal/maybego/cpu.go:224.33,226.3 1 0
/home/jessica/dev/prs/git/MaybeGo/internal/maybego/cpu.go:228.20,231.3 2 0
/home/jessica/dev/prs/git/MaybeGo/internal/maybego/cpu.go:243.31,251.18 1 0
/home/jessica/dev/prs/git/MaybeGo/internal/maybego/cpu.go:254.2,255.15 2 0
/home/jessica/dev/prs/git/MaybeGo/internal/maybego/cpu.go:251.18,253.3 1 0
/home/jessica/dev/prs/git/MaybeGo/internal/maybego/cpu.go:258.32,259.10 1 1
/home/jessica/dev/prs/git/MaybeGo/internal/maybego/cpu.go:262.2,262.10 1 1
/home/jessica/dev/prs/git/MaybeGo/internal/maybego/cpu.go:259.10,261.3 1 1
/home/jessica/dev/prs/git/MaybeGo/internal/maybego/cpu.go:265.37,272.2 5 1
/home/jessica/dev/prs/git/MaybeGo/internal/maybego/cpu.go:274.42,279.2 4 1
/home/jessica/dev/prs/git/MaybeGo/internal/maybego/cpu.go:282.43,284.2 1 1
/home/jessica/dev/prs/git/MaybeGo/internal/maybego/cpu.go:287.74,290.2 2 1
/home/jessica/dev/prs/git/MaybeGo/internal/maybego/cpu.go:293.63,295.2 1 1
/home/jessica/dev/prs/git/MaybeGo/internal/maybego/cpu.go:298.63,301.2 2 1
/home/jessica/dev/prs/git/MaybeGo/internal/maybego/cpu.go:304.79,309.2 3 1
/home/jessica/dev/prs/git/MaybeGo/internal/maybego/cpu.go:312.67,314.19 2 1
/home/jessica/dev/prs/git/MaybeGo/internal/maybego/cpu.go:317.2,317.23 1 1
/home/jessica/dev/prs/git/MaybeGo/internal/maybego/cpu.go:314.19,316.3 1 0
/home/jessica/dev/prs/git/MaybeGo/internal/maybego/cpu.go:320.45,322.11 2 1
/home/jessica/dev/prs/git/MaybeGo/internal/maybego/cpu.go:322.11,326.3 3 0
/home/jessica/dev/prs/git/MaybeGo/internal/maybego/cpu.go:329.51,331.18 2 1
/home/jessica/dev/prs/git/MaybeGo/internal/maybego/cpu.go:331.18,333.3 1 0
/home/jessica/dev/prs/git/MaybeGo/internal/maybego/cpu.go:336.45,338.11 2 1
/home/jessica/dev/prs/git/MaybeGo/internal/maybego/cpu.go:338.11,342.3 3 0
/home/jessica/dev/prs/git/MaybeGo/internal/maybego/cpu.go:345.51,347.21 2 1
/home/jessica/dev/prs/git/MaybeGo/internal/maybego/cpu.go:347.21,349.3 1 0
/home/jessica/dev/prs/git/MaybeGo/internal/maybego/cpu.go:352.44,353.11 1 1
/home/jessica/dev/prs/git/MaybeGo/internal/maybego/cpu.go:356.2,363.19 6 1
/home/jessica/dev/prs/git/MaybeGo/internal/maybego/cpu.go:353.11,355.3 1 1
/home/jessica/dev/prs/git/MaybeGo/internal/maybego/cpu.go:366.44,367.11 1 1
/home/jessica/dev/prs/git/MaybeGo/internal/maybego/cpu.go:370.2,377.18 6 1
/home/jessica/dev/prs/git/MaybeGo/internal/maybego/cpu.go:367.11,369.3 1 1
/home/jessica/dev/prs/git/MaybeGo/internal/maybego/cpu.go:380.32,387.2 5 0
/home/jessica/dev/prs/git/MaybeGo/internal/maybego/cpu.go:389.39,398.2 5 1
/home/jessica/dev/prs/git/MaybeGo/internal/maybego/cpu.go:400.32,407.2 5 0
/home/jessica/dev/prs/git/MaybeGo/internal/maybego/cpu.go:409.31,416.2 5 0
/home/jessica/dev/prs/git/MaybeGo/internal/maybego/cpu.go:418.31,426.2 5 0
/home/jessica/dev/prs/git/MaybeGo/internal/maybego/cpu.go:428.75,438.2 7 1
/home/jessica/dev/prs/git/MaybeGo/internal/maybego/cpu.go:440.44,442.11 2 1
/home/jessica/dev/prs/git/MaybeGo/internal/maybego/cpu.go:447.2,453.23 5 1
/home/jessica/dev/prs/git/MaybeGo/internal/maybego/cpu.go:442.11,444.3 1 1
/home/jessica/dev/prs/git/MaybeGo/internal/maybego/cpu.go:444.8,446.3 1 1
/home/jessica/dev/prs/git/MaybeGo/internal/maybego/cpu.go:456.44,458.11 2 1
/home/jessica/dev/prs/git/MaybeGo/internal/maybego/cpu.go:463.2,469.23 5 1
/home/jessica/dev/prs/git/MaybeGo/internal/maybego/cpu.go:458.11,460.3 1 1
/home/jessica/dev/prs/git/MaybeGo/internal/maybego/cpu.go:460.8,462.3 1 1
/home/jessica/dev/prs/git/MaybeGo/internal/maybego/cpu.go:472.32,478.2 5 0
/home/jessica/dev/prs/git/MaybeGo/internal/maybego/cpu.go:480.32,489.2 7 0
/home/jessica/dev/prs/git/MaybeGo/internal/maybego/cpu.go:491.33,497.2 5 0
/home/jessica/dev/prs/git/MaybeGo/internal/maybego/cpu.go:499.36,501.10 2 1
/home/jessica/dev/prs/git/MaybeGo/internal/maybego/cpu.go:505.2,506.10 2 1
/home/jessica/dev/prs/git/MaybeGo/internal/maybego/cpu.go:501.10,504.3 2 1
/home/jessica/dev/prs/git/MaybeGo/internal/maybego/cpu.go:509.36,510.10 1 1
/home/jessica/dev/prs/git/MaybeGo/internal/maybego/cpu.go:515.2,516.10 2 0
/home/jessica/dev/prs/git/MaybeGo/internal/maybego/cpu.go:510.10,514.3 3 1
/home/jessica/dev/prs/git/MaybeGo/internal/maybego/cpu.go:519.38,521.10 2 0
/home/jessica/dev/prs/git/MaybeGo/internal/maybego/cpu.go:528.2,529.10 2 0
/home/jessica/dev/prs/git/MaybeGo/internal/maybego/cpu.go:521.10,527.3 5 0
/home/jessica/dev/prs/git/MaybeGo/internal/maybego/cpu.go:532.37,535.10 2 0
/home/jessica/dev/prs/git/MaybeGo/internal/maybego/cpu.go:539.2,540.10 2 0
/home/jessica/dev/prs/git/MaybeGo/internal/maybego/cpu.go:535.10,538.3 2 0
/home/jessica/dev/prs/git/MaybeGo/internal/maybego/cpu.go:543.53,551.2 7 0
/home/jessica/dev/prs/git/MaybeGo/internal/maybego/cpu.go:553.42,558.2 4 0
/home/jessica/dev/prs/git/MaybeGo/internal/maybego/cpu.go:560.51,565.2 4 0
/home/jessica/dev/prs/git/MaybeGo/internal/maybego/cpu.go:567.40,576.2 7 0
/home/jessica/dev/prs/git/MaybeGo/internal/maybego/cpu.go:578.34,587.2 7 0
/home/jessica/dev/prs/git/MaybeGo/internal/maybego/cpu.go:589.42,593.2 3 0
/home/jessica/dev/prs/git/MaybeGo/internal/maybego/cpu.go:595.42,598.2 1 0
/home/jessica/dev/prs/git/MaybeGo/internal/maybego/cpu.go:600.42,603.2 1 0
/home/jessica/dev/prs/git/MaybeGo/internal/maybego/cpu.go:605.30,608.2 2 1
/home/jessica/dev/prs/git/MaybeGo/internal/maybego/cpu.go:610.30,615.2 3 1
/home/jessica/dev/prs/git/MaybeGo/internal/maybego/cpu.go:617.30,622.2 3 1
/home/jessica/dev/prs/git/MaybeGo/internal/maybego/cpu.go:624.30,629.2 3 0
/home/jessica/dev/prs/git/MaybeGo/internal/maybego/cpu.go:631.30,635.2 3 0
/home/jessica/dev/prs/git/MaybeGo/internal/maybego/cpu.go:637.30,641.2 3 0
/home/jessica/dev/prs/git/MaybeGo/internal/maybego/cpu.go:643.30,648.2 3 1
/home/jessica/dev/prs/git/MaybeGo/internal/maybego/cpu.go:650.30,657.2 4 1
/home/jessica/dev/prs/git/MaybeGo/internal/maybego/cpu.go:659.30,665.2 3 1
/home/jessica/dev/prs/git/MaybeGo/internal/maybego/cpu.go:667.30,673.2 3 1
/home/jessica/dev/prs/git/MaybeGo/internal/maybego/cpu.go:675.30,679.2 3 1
/home/jessica/dev/prs/git/MaybeGo/internal/maybego/cpu.go:681.30,686.2 3 0
/home/jessica/dev/prs/git/MaybeGo/internal/maybego/cpu.go:688.30,693.2 3 0
/home/jessica/dev/prs/git/MaybeGo/internal/maybego/cpu.go:695.30,700.2 3 0
/home/jessica/dev/prs/git/MaybeGo/internal/maybego/cpu.go:702.30,707.2 3 1
/home/jessica/dev/prs/git/MaybeGo/internal/maybego/cpu.go:709.30,715.2 4 1
/home/jessica/dev/prs/git/MaybeGo/internal/maybego/cpu.go:717.30,720.2 2 0
/home/jessica/dev/prs/git/MaybeGo/internal/maybego/cpu.go:722.30,728.2 3 1
/home/jessica/dev/prs/git/MaybeGo/internal/maybego/cpu.go:730.30,735.2 3 1
/home/jessica/dev/prs/git/MaybeGo/internal/maybego/cpu.go:737.30,742.2 3 0
/home/jessica/dev/prs/git/MaybeGo/internal/maybego/cpu.go:744.30,748.2 3 0
/home/jessica/dev/prs/git/MaybeGo/internal/maybego/cpu.go:750.30,755.2 3 0
/home/jessica/dev/prs/git/MaybeGo/internal/maybego/cpu.go:757.30,761.2 3 1
/home/jessica/dev/prs/git/MaybeGo/internal/maybego/cpu.go:763.30,769.2 4 1
/home/jessica/dev/prs/git/MaybeGo/internal/maybego/cpu.go:771.30,773.2 1 1
/home/jessica/dev/prs/git/MaybeGo/internal/maybego/cpu.go:775.30,781.2 3 1
/home/jessica/dev/prs/git/MaybeGo/internal/maybego/cpu.go:783.30,788.2 3 1
/home/jessica/dev/prs/git/MaybeGo/internal/maybego/cpu.go:790.30,795.2 3 0
/home/jessica/dev/prs/git/MaybeGo/internal/maybego/cpu.go:797.30,801.2 3 0
/home/jessica/dev/prs/git/MaybeGo/internal/maybego/cpu.go:803.30,807.2 3 0
/home/jessica/dev/prs/git/MaybeGo/internal/maybego/cpu.go:809.30,814.2 3 1
/home/jessica/dev/prs/git/MaybeGo/internal/maybego/cpu.go:816.30,821.2 4 1
/home/jessica/dev/prs/git/MaybeGo/internal/maybego/cpu.go:823.30,825.2 1 1
/home/jessica/dev/prs/git/MaybeGo/internal/maybego/cpu.go:827.30,832.2 3 1
/home/jessica/dev/prs/git/MaybeGo/internal/maybego/cpu.go:834.30,839.2 4 1
/home/jessica/dev/prs/git/MaybeGo/internal/maybego/cpu.go:841.30,845.2 3 0
/home/jessica/dev/prs/git/MaybeGo/internal/maybego/cpu.go:847.30,851.2 3 0
/home/jessica/dev/prs/git/MaybeGo/internal/maybego/cpu.go:853.30,857.2 3 0
/home/jessica/dev/prs/git/MaybeGo/internal/maybego/cpu.go:859.30,863.2 3 1
/home/jessica/dev/prs/git/MaybeGo/internal/maybego/cpu.go:865.30,867.16 1 1
/home/jessica/dev/prs/git/MaybeGo/internal/maybego/cpu.go:884.2,887.10 4 1
/home/jessica/dev/prs/git/MaybeGo/internal/maybego/cpu.go:867.16,868.36 1 1
/home/jessica/dev/prs/git/MaybeGo/internal/maybego/cpu.go:872.3,872.41 1 1
/home/jessica/dev/prs/git/MaybeGo/internal/maybego/cpu.go:868.36,871.4 2 1
/home/jessica/dev/prs/git/MaybeGo/internal/maybego/cpu.go:872.41,874.4 1 1
/home/jessica/dev/prs/git/MaybeGo/internal/maybego/cpu.go:875.8,876.16 1 1
/home/jessica/dev/prs/git/MaybeGo/internal/maybego/cpu.go:879.3,879.16 1 1
/home/jessica/dev/prs/git/MaybeGo/internal/maybego/cpu.go:876.16,878.4 1 1
/home/jessica/dev/prs/git/MaybeGo/internal/maybego/cpu.go:879.16,881.4 1 1
/home/jessica/dev/prs/git/MaybeGo/internal/maybego/cpu.go:890.30,892.2 1 1
/home/jessica/dev/prs/git/MaybeGo/internal/maybego/cpu.go:894.30,898.2 3 1
/home/jessica/dev/prs/git/MaybeGo/internal/maybego/cpu.go:900.30,906.2 4 1
/home/jessica/dev/prs/git/MaybeGo/internal/maybego/cpu.go:908.30,913.2 3 0
/home/jessica/dev/prs/git/MaybeGo/internal/maybego/cpu.go:915.30,920.2 3 0
/home/jessica/dev/prs/git/MaybeGo/internal/maybego/cpu.go:922.30,927.2 3 0
/home/jessica/dev/prs/git/MaybeGo/internal/maybego/cpu.go:929.30,933.2 3 1
/home/jessica/dev/prs/git/MaybeGo/internal/maybego/cpu.go:935.30,941.2 5 1
/home/jessica/dev/prs/git/MaybeGo/internal/maybego/cpu.go:943.30,945.2 1 1
/home/jessica/dev/prs/git/MaybeGo/internal/maybego/cpu.go:947.30,952.2 3 1
/home/jessica/dev/prs/git/MaybeGo/internal/maybego/cpu.go:954.30,959.2 4 1
/home/jessica/dev/prs/git/MaybeGo/internal/maybego/cpu.go:961.30,965.2 3 0
/home/jessica/dev/prs/git/MaybeGo/internal/maybego/cpu.go:967.30,976.2 7 0
/home/jessica/dev/prs/git/MaybeGo/internal/maybego/cpu.go:978.30,987.2 7 0
/home/jessica/dev/prs/git/MaybeGo/internal/maybego/cpu.go:989.30,993.2 3 0
/home/jessica/dev/prs/git/MaybeGo/internal/maybego/cpu.go:995.30,1001.2 5 1
/home/jessica/dev/prs/git/MaybeGo/internal/maybego/cpu.go:1003.30,1005.2 1 1
/home/jessica/dev/prs/git/MaybeGo/internal/maybego/cpu.go:1007.30,1011.2 3 1
/home/jessica/dev/prs/git/MaybeGo/internal/maybego/cpu.go:1013.30,1018.2 4 1
/home/jessica/dev/prs/git/MaybeGo/internal/maybego/cpu.go:1020.30,1024.2 3 0
/home/jessica/dev/prs/git/MaybeGo/internal/maybego/cpu.go:1026.30,1030.2 3 0
/home/jessica/dev/prs/git/MaybeGo/internal/maybego/cpu.go:1032.30,1036.2 3 0
/home/jessica/dev/prs/git/MaybeGo/internal/maybego/cpu.go:1038.30,1042.2 3 1
/home/jessica/dev/prs/git/MaybeGo/internal/maybego/cpu.go:1044.30,1051.2 5 1
/home/jessica/dev/prs/git/MaybeGo/internal/maybego/cpu.go:1053.30,1057.2 3 0
/home/jessica/dev/prs/git/MaybeGo/internal/maybego/cpu.go:1059.30,1063.2 3 0
/home/jessica/dev/prs/git/MaybeGo/internal/maybego/cpu.go:1065.30,1069.2 3 0
/home/jessica/dev/prs/git/MaybeGo/internal/maybego/cpu.go:1071.30,1075.2 3 0
/home/jessica/dev/prs/git/MaybeGo/internal/maybego/cpu.go:1077.30,1081.2 3 0
/home/jessica/dev/prs/git/MaybeGo/internal/maybego/cpu.go:1083.30,1087.2 3 0
/home/jessica/dev/prs/git/MaybeGo/internal/maybego/cpu.go:1089.30,1093.2 3 0
/home/jessica/dev/prs/git/MaybeGo/internal/maybego/cpu.go:1095.30,1099.2 3 0
/home/jessica/dev/prs/git/MaybeGo/internal/maybego/cpu.go:1101.30,1105.2 3 0
/home/jessica/dev/prs/git/MaybeGo/internal/maybego/cpu.go:1107.30,1111.2 3 0
/home/jessica/dev/prs/git/MaybeGo/internal/maybego/cpu.go:1113.30,1117.2 3 0
/home/jessica/dev/prs/git/MaybeGo/internal/maybego/cpu.go:1119.30,1123.2 3 0
/home/jessica/dev/prs/git/MaybeGo/internal/maybego/cpu.go:1125.30,1129.2 3 0
/home/jessica/dev/prs/git/MaybeGo/internal/maybego/cpu.go:1131.30,1135.2 3 0
/home/jessica/dev/prs/git/MaybeGo/internal/maybego/cpu.go:1137.30,1141.2 3 0
/home/jessica/dev/prs/git/MaybeGo/internal/maybego/cpu.go:1143.30,1147.2 3 0
/home/jessica/dev/prs/git/MaybeGo/internal/maybego/cpu.go:1149.30,1153.2 3 0
/home/jessica/dev/prs/git/MaybeGo/internal/maybego/cpu.go:1155.30,1159.2 3 0
/home/jessica/dev/prs/git/MaybeGo/internal/maybego/cpu.go:1161.30,1165.2 3 0
/home/jessica/dev/prs/git/MaybeGo/internal/maybego/cpu.go:1167.30,1171.2 3 0
/home/jessica/dev/prs/git/MaybeGo/internal/maybego/cpu.go:1173.30,1177.2 3 0
/home/jessica/dev/prs/git/MaybeGo/internal/maybego/cpu.go:1179.30,1183.2 3 0
/home/jessica/dev/prs/git/MaybeGo/internal/maybego/cpu.go:1185.30,1189.2 3 0
/home/jessica/dev/prs/git/MaybeGo/internal/maybego/cpu.go:1191.30,1195.2 3 0
/home/jessica/dev/prs/git/MaybeGo/internal/maybego/cpu.go:1197.30,1201.2 3 0
/home/jessica/dev/prs/git/MaybeGo/internal/maybego/cpu.go:1203.30,1207.2 3 0
/home/jessica/dev/prs/git/MaybeGo/internal/maybego/cpu.go:1209.30,1213.2 3 0
/home/jessica/dev/prs/git/MaybeGo/internal/maybego/cpu.go:1215.30,1219.2 3 0
/home/jessica/dev/prs/git/MaybeGo/internal/maybego/cpu.go:1221.30,1225.2 3 0
/home/jessica/dev/prs/git/MaybeGo/internal/maybego/cpu.go:1227.30,1231.2 3 0
/home/jessica/dev/prs/git/MaybeGo/internal/maybego/cpu.go:1233.30,1237.2 3 0
/home/jessica/dev/prs/git/MaybeGo/internal/maybego/cpu.go:1239.30,1243.2 3 0
/home/jessica/dev/prs/git/MaybeGo/internal/maybego/cpu.go:1245.30,1249.2 3 0
/home/jessica/dev/prs/git/MaybeGo/internal/maybego/cpu.go:1251.30,1255.2 3 0
/home/jessica/dev/prs/git/MaybeGo/internal/maybego/cpu.go:1257.30,1261.2 3 0
/home/jessica/dev/prs/git/MaybeGo/internal/maybego/cpu.go:1263.30,1267.2 3 0
/home/jessica/dev/prs/git/MaybeGo/internal/maybego/cpu.go:1269.30,1273.2 3 0
/home/jessica/dev/prs/git/MaybeGo/internal/maybego/cpu.go:1275.30,1279.2 3 0
/home/jessica/dev/prs/git/MaybeGo/internal/maybego/cpu.go:1281.30,1285.2 3 0
/home/jessica/dev/prs/git/MaybeGo/internal/maybego/cpu.go:1287.30,1291.2 3 0
/home/jessica/dev/prs/git/MaybeGo/internal/maybego/cpu.go:1293.30,1297.2 3 0
/home/jessica/dev/prs/git/MaybeGo/internal/maybego/cpu.go:1299.30,1303.2 3 0
/home/jessica/dev/prs/git/MaybeGo/internal/maybego/cpu.go:1305.30,1309.2 3 0
/home/jessica/dev/prs/git/MaybeGo/internal/maybego/cpu.go:1311.30,1315.2 3 0
/home/jessica/dev/prs/git/MaybeGo/internal/maybego/cpu.go:1317.30,1321.2 3 0
/home/jessica/dev/prs/git/MaybeGo/internal/maybego/cpu.go:1323.30,1327.2 3 0
/home/jessica/dev/prs/git/MaybeGo/internal/maybego/cpu.go:1329.30,1333.2 3 0
/home/jessica/dev/prs/git/MaybeGo/internal/maybego/cpu.go:1335.30,1339.2 3 0
/home/jessica/dev/prs/git/MaybeGo/internal/maybego/cpu.go:1341.30,1345.2 3 0
/home/jessica/dev/prs/git/MaybeGo/internal/maybego/cpu.go:1347.30,1351.2 3 0
/home/jessica/dev/prs/git/MaybeGo/internal/maybego/cpu.go:1353.30,1357.2 3 0
/home/jessica/dev/prs/git/MaybeGo/internal/maybego/cpu.go:1359.30,1363.2 3 0
/home/jessica/dev/prs/git/MaybeGo/internal/maybego/cpu.go:1365.30,1369.2 3 0
/home/jessica/dev/prs/git/MaybeGo/internal/maybego/cpu.go:1371.30,1375.2 3 0
/home/jessica/dev/prs/git/MaybeGo/internal/maybego/cpu.go:1377.30,1381.2 3 0
/home/jessica/dev/prs/git/MaybeGo/internal/maybego/cpu.go:1383.30,1387.2 3 0
/home/jessica/dev/prs/git/MaybeGo/internal/maybego/cpu.go:1389.30,1393.2 3 0
/home/jessica/dev/prs/git/MaybeGo/internal/maybego/cpu.go:1395.30,1399.2 3 0
/home/jessica/dev/prs/git/MaybeGo/internal/maybego/cpu.go:1401.30,1405.2 3 0
/home/jessica/dev/prs/git/MaybeGo/internal/maybego/cpu.go:1407.30,1411.2 3 0
/home/jessica/dev/prs/git/MaybeGo/internal/maybego/cpu.go:1413.30,1417.2 3 0
/home/jessica/dev/prs/git/MaybeGo/internal/maybego/cpu.go:1419.30,1423.2 3 0
/home/jessica/dev/prs/git/MaybeGo/internal/maybego/cpu.go:1425.30,1429.2 3 0
/home/jessica/dev/prs/git/MaybeGo/internal/maybego/cpu.go:1431.30,1435.2 3 0
/home/jessica/dev/prs/git/MaybeGo/internal/maybego/cpu.go:1437.30,1441.2 3 0
/home/jessica/dev/prs/git/MaybeGo/internal/maybego/cpu.go:1443.30,1447.2 3 0
/home/jessica/dev/prs/git/MaybeGo/internal/maybego/cpu.go:1449.30,1453.2 3 0
/home/jessica/dev/prs/git/MaybeGo/internal/maybego/cpu.go:1455.30,1459.2 3 0
/home/jessica/dev/prs/git/MaybeGo/internal/maybego/cpu.go:1461.30,1465.2 3 0
/home/jessica/dev/prs/git/MaybeGo/internal/maybego/cpu.go:1467.30,1471.2 3 0
/home/jessica/dev/prs/git/MaybeGo/internal/maybego/cpu.go:1473.30,1478.2 4 0
/home/jessica/dev/prs/git/MaybeGo/internal/maybego/cpu.go:1480.30,1484.2 3 0
/home/jessica/dev/prs/git/MaybeGo/internal/maybego/cpu.go:1486.30,1490.2 3 0
/home/jessica/dev/prs/git/MaybeGo/internal/maybego/cpu.go:1492.30,1496.2 3 0
/home/jessica/dev/prs/git/MaybeGo/internal/maybego/cpu.go:1498.30,1502.2 3 0
/home/jessica/dev/prs/git/MaybeGo/internal/maybego/cpu.go:1504.30,1508.2 3 0
/home/jessica/dev/prs/git/MaybeGo/internal/maybego/cpu.go:1510.30,1514.2 3 0
/home/jessica/dev/prs/git/MaybeGo/internal/maybego/cpu.go:1516.30,1520.2 3 0
/home/jessica/dev/prs/git/MaybeGo/internal/maybego/cpu.go:1522.30,1527.2 4 0
/home/jessica/dev/prs/git/MaybeGo/internal/maybego/cpu.go:1529.30,1533.2 3 0
/home/jessica/dev/prs/git/MaybeGo/internal/maybego/cpu.go:1535.30,1539.2 3 0
/home/jessica/dev/prs/git/MaybeGo/internal/maybego/cpu.go:1541.30,1545.2 3 0
/home/jessica/dev/prs/git/MaybeGo/internal/maybego/cpu.go:1547.30,1551.2 3 0
/home/jessica/dev/prs/git/MaybeGo/internal/maybego/cpu.go:1553.30,1557.2 3 0
/home/jessica/dev/prs/git/MaybeGo/internal/maybego/cpu.go:1559.30,1563.2 3 0
/home/jessica/dev/prs/git/MaybeGo/internal/maybego/cpu.go:1565.30,1569.2 3 0
/home/jessica/dev/prs/git/MaybeGo/internal/maybego/cpu.go:1571.30,1576.2 4 0
/home/jessica/dev/prs/git/MaybeGo/internal/maybego/cpu.go:1578.30,1582.2 3 0
/home/jessica/dev/prs/git/MaybeGo/internal/maybego/cpu.go:1584.30,1588.2 3 1
/home/jessica/dev/prs/git/MaybeGo/internal/maybego/cpu.go:1590.30,1594.2 3 0
/home/jessica/dev/prs/git/MaybeGo/internal/maybego/cpu.go:1596.30,1600.2 3 0
/home/jessica/dev/prs/git/MaybeGo/internal/maybego/cpu.go:1602.30,1606.2 3 0
/home/jessica/dev/prs/git/MaybeGo/internal/maybego/cpu.go:1608.30,1612.2 3 0
/home/jessica/dev/prs/git/MaybeGo/internal/maybego/cpu.go:1614.30,1618.2 3 0
/home/jessica/dev/prs/git/MaybeGo/internal/maybego/cpu.go:1620.30,1625.2 4 0
/home/jessica/dev/prs/git/MaybeGo/internal/maybego/cpu.go:1627.30,1631.2 3 0
/home/jessica/dev/prs/git/MaybeGo/internal/maybego/cpu.go:1633.30,1637.2 3 0
/home/jessica/dev/prs/git/MaybeGo/internal/maybego/cpu.go:1639.30,1643.2 3 0
/home/jessica/dev/prs/git/MaybeGo/internal/maybego/cpu.go:1645.30,1649.2 3 0
/home/jessica/dev/prs/git/MaybeGo/internal/maybego/cpu.go:1651.30,1655.2 3 0
/home/jessica/dev/prs/git/MaybeGo/internal/maybego/cpu.go:1657.30,1661.2 3 0
/home/jessica/dev/prs/git/MaybeGo/internal/maybego/cpu.go:1663.30,1667.2 3 0
/home/jessica/dev/prs/git/MaybeGo/internal/maybego/cpu.go:1669.30,1674.2 4 0
/home/jessica/dev/prs/git/MaybeGo/internal/maybego/cpu.go:1676.30,1680.2 3 0
/home/jessica/dev/prs/git/MaybeGo/internal/maybego/cpu.go:1682.30,1686.2 3 0
/home/jessica/dev/prs/git/MaybeGo/internal/maybego/cpu.go:1688.30,1692.2 3 0
/home/jessica/dev/prs/git/MaybeGo/internal/maybego/cpu.go:1694.30,1698.2 3 0
/home/jessica/dev/prs/git/MaybeGo/internal/maybego/cpu.go:1700.30,1704.2 3 0
/home/jessica/dev/prs/git/MaybeGo/internal/maybego/cpu.go:1706.30,1710.2 3 0
/home/jessica/dev/prs/git/MaybeGo/internal/maybego/cpu.go:1712.30,1716.2 3 0
/home/jessica/dev/prs/git/MaybeGo/internal/maybego/cpu.go:1718.30,1723.2 4 0
/home/jessica/dev/prs/git/MaybeGo/internal/maybego/cpu.go:1725.30,1729.2 3 0
/home/jessica/dev/prs/git/MaybeGo/internal/maybego/cpu.go:1731.30,1735.2 3 0
/home/jessica/dev/prs/git/MaybeGo/internal/maybego/cpu.go:1737.30,1741.2 3 0
/home/jessica/dev/prs/git/MaybeGo/internal/maybego/cpu.go:1743.30,1747.2 3 0
/home/jessica/dev/prs/git/MaybeGo/internal/maybego/cpu.go:1749.30,1753.2 3 0
/home/jessica/dev/prs/git/MaybeGo/internal/maybego/cpu.go:1755.30,1759.2 3 0
/home/jessica/dev/prs/git/MaybeGo/internal/maybego/cpu.go:1761.30,1765.2 3 0
/home/jessica/dev/prs/git/MaybeGo/internal/maybego/cpu.go:1767.30,1772.2 4 0
/home/jessica/dev/prs/git/MaybeGo/internal/maybego/cpu.go:1774.30,1778.2 3 0
/home/jessica/dev/prs/git/MaybeGo/internal/maybego/cpu.go:1780.30,1784.2 3 0
/home/jessica/dev/prs/git/MaybeGo/internal/maybego/cpu.go:1786.30,1790.2 3 0
/home/jessica/dev/prs/git/MaybeGo/internal/maybego/cpu.go:1792.30,1796.2 3 0
/home/jessica/dev/prs/git/MaybeGo/internal/maybego/cpu.go:1798.30,1802.2 3 0
/home/jessica/dev/prs/git/MaybeGo/internal/maybego/cpu.go:1804.30,1808.2 3 0
/home/jessica/dev/prs/git/MaybeGo/internal/maybego/cpu.go:1810.30,1814.2 3 0
/home/jessica/dev/prs/git/MaybeGo/internal/maybego/cpu.go:1816.30,1821.2 4 0
/home/jessica/dev/prs/git/MaybeGo/internal/maybego/cpu.go:1823.30,1827.2 3 0
/home/jessica/dev/prs/git/MaybeGo/internal/maybego/cpu.go:1829.30,1831.2 1 0
/home/jessica/dev/prs/git/MaybeGo/internal/maybego/cpu.go:1833.30,1837.2 3 0
/home/jessica/dev/prs/git/MaybeGo/internal/maybego/cpu.go:1839.30,1841.2 1 0
/home/jessica/dev/prs/git/MaybeGo/internal/maybego/cpu.go:1843.30,1845.2 1 1
/home/jessica/dev/prs/git/MaybeGo/internal/maybego/cpu.go:1847.30,1849.2 1 0
/home/jessica/dev/prs/git/MaybeGo/internal/maybego/cpu.go:1851.30,1855.2 3 0
/home/jessica/dev/prs/git/MaybeGo/internal/maybego/cpu.go:1857.30,1861.2 3 1
/home/jessica/dev/prs/git/MaybeGo/internal/maybego/cpu.go:1863.30,1865.2 1 0
/home/jessica/dev/prs/git/MaybeGo/internal/maybego/cpu.go:1867.30,1869.2 1 0
/home/jessica/dev/prs/git/MaybeGo/internal/maybego/cpu.go:1871.30,1873.2 1 0
/home/jessica/dev/prs/git/MaybeGo/internal/maybego/cpu.go:1875.30,1878.2 2 0
/home/jessica/dev/prs/git/MaybeGo/internal/maybego/cpu.go:1880.30,1882.2 1 0
/home/jessica/dev/prs/git/MaybeGo/internal/maybego/cpu.go:1884.30,1886.2 1 0
/home/jessica/dev/prs/git/MaybeGo/internal/maybego/cpu.go:1888.30,1890.2 1 0
/home/jessica/dev/prs/git/MaybeGo/internal/maybego/cpu.go:1892.30,1896.2 3 1
/home/jessica/dev/prs/git/MaybeGo/internal/maybego/cpu.go:1898.30,1900.2 1 0
/home/jessica/dev/prs/git/MaybeGo/internal/maybego/cpu.go:1902.30,1904.2 1 0
/home/jessica/dev/prs/git/MaybeGo/internal/maybego/cpu.go:1906.30,1910.2 3 0
/home/jessica/dev/prs/git/MaybeGo/internal/maybego/cpu.go:1912.30,1914.2 1 0
/home/jessica/dev/prs/git/MaybeGo/internal/maybego/cpu.go:1916.30,1918.2 1 0
/home/jessica/dev/prs/git/MaybeGo/internal/maybego/cpu.go:1920.30,1922.2 1 0
/home/jessica/dev/prs/git/MaybeGo/internal/maybego/cpu.go:1924.30,1928.2 3 0
/home/jessica/dev/prs/git/MaybeGo/internal/maybego/cpu.go:1930.30,1934.2 3 0
/home/jessica/dev/prs/git/MaybeGo/internal/maybego/cpu.go:1936.30,1938.2 1 0
/home/jessica/dev/prs/git/MaybeGo/internal/maybego/cpu.go:1940.30,1942.2 1 0
/home/jessica/dev/prs/git/MaybeGo/internal/maybego/cpu.go:1944.30,1948.2 3 0
/home/jessica/dev/prs/git/MaybeGo/internal/maybego/cpu.go:1950.30,1952.2 1 0
/home/jessica/dev/prs/git/MaybeGo/internal/maybego/cpu.go:1954.30,1956.2 1 0
/home/jessica/dev/prs/git/MaybeGo/internal/maybego/cpu.go:1958.30,1960.2 1 0
/home/jessica/dev/prs/git/MaybeGo/internal/maybego/cpu.go:1962.30,1964.2 1 0
/home/jessica/dev/prs/git/MaybeGo/internal/maybego/cpu.go:1966.30,1970.2 3 1
/home/jessica/dev/prs/git/MaybeGo/internal/maybego/cpu.go:1972.30,1974.2 1 0
/home/jessica/dev/prs/git/MaybeGo/internal/maybego/cpu.go:1976.28,1979.2 2 0
/home/jessica/dev/prs/git/MaybeGo/internal/maybego/cpu.go:1981.30,1985.2 3 0
/home/jessica/dev/prs/git/MaybeGo/internal/maybego/cpu.go:1987.30,1991.2 3 0
/home/jessica/dev/prs/git/MaybeGo/internal/maybego/cpu.go:1993.30,1997.2 3 0
/home/jessica/dev/prs/git/MaybeGo/internal/maybego/cpu.go:1999.30,2001.2 1 0
/home/jessica/dev/prs/git/MaybeGo/internal/maybego/cpu.go:2003.30,2005.2 1 0
/home/jessica/dev/prs/git/MaybeGo/internal/maybego/cpu.go:2007.30,2011.2 3 0
/home/jessica/dev/prs/git/MaybeGo/internal/maybego/cpu.go:2013.30,2017.2 3 0
/home/jessica/dev/prs/git/MaybeGo/internal/maybego/cpu.go:2019.30,2021.2 1 0
/home/jessica/dev/prs/git/MaybeGo/internal/maybego/cpu.go:2023.30,2030.2 5 1
/home/jessica/dev/prs/git/MaybeGo/internal/maybego/cpu.go:2032.30,2035.2 2 0
/home/jessica/dev/prs/git/MaybeGo/internal/maybego/cpu.go:2037.30,2041.2 3 0
/home/jessica/dev/prs/git/MaybeGo/internal/maybego/cpu.go:2043.30,2045.2 1 0
/home/jessica/dev/prs/git/MaybeGo/internal/maybego/cpu.go:2047.30,2049.2 1 0
/home/jessica/dev/prs/git/MaybeGo/internal/maybego/cpu.go:2051.30,2053.2 1 0
/home/jessica/dev/prs/git/MaybeGo/internal/maybego/cpu.go:2055.30,2059.2 3 0
/home/jessica/dev/prs/git/MaybeGo/internal/maybego/cpu.go:2061.30,2063.2 1 0
/home/jessica/dev/prs/git/MaybeGo/internal/maybego/cpu.go:2065.30,2069.2 3 0
/home/jessica/dev/prs/git/MaybeGo/internal/maybego/cpu.go:2071.30,2077.2 5 0
/home/jessica/dev/prs/git/MaybeGo/internal/maybego/cpu.go:2079.30,2083.2 3 0
/home/jessica/dev/prs/git/MaybeGo/internal/maybego/cpu.go:2085.30,2089.2 3 0
/home/jessica/dev/prs/git/MaybeGo/internal/maybego/cpu.go:2091.30,2093.2 1 0
/home/jessica/dev/prs/git/MaybeGo/internal/maybego/cpu.go:2095.30,2099.2 3 0
/home/jessica/dev/prs/git/MaybeGo/internal/maybego/cpu.go:2101.30,2105.2 3 0
/home/jessica/dev/prs/git/MaybeGo/internal/maybego/cpu.go:2107.30,2109.2 1 0
/home/jessica/dev/prs/git/MaybeGo/internal/maybego/cpu.go:2111.30,2121.2 7 0
/home/jessica/dev/prs/git/MaybeGo/internal/maybego/cpu.go:2123.30,2127.2 3 0
/home/jessica/dev/prs/git/MaybeGo/internal/maybego/cpu.go:2129.30,2133.2 3 0
/home/jessica/dev/prs/git/MaybeGo/internal/maybego/cpu.go:2135.30,2141.2 4 0
/home/jessica/dev/prs/git/MaybeGo/internal/maybego/cpu.go:2143.30,2145.2 1 0
/home/jessica/dev/prs/git/MaybeGo/internal/maybego/cpu.go:2147.30,2149.2 1 0
/home/jessica/dev/prs/git/MaybeGo/internal/maybego/cpu.go:2151.30,2155.2 3 0
/home/jessica/dev/prs/git/MaybeGo/internal/maybego/cpu.go:2157.30,2159.2 1 0
/home/jessica/dev/prs/git/MaybeGo/internal/maybego/cpu.go:2163.29,2167.2 3 0
/home/jessica/dev/prs/git/MaybeGo/internal/maybego/cpu.go:2169.29,2173.2 3 0
/home/jessica/dev/prs/git/MaybeGo/internal/maybego/cpu.go:2175.29,2179.2 3 0
/home/jessica/dev/prs/git/MaybeGo/internal/maybego/cpu.go:2181.29,2185.2 3 0
/home/jessica/dev/prs/git/MaybeGo/internal/maybego/cpu.go:2187.29,2191.2 3 0
/home/jessica/dev/prs/git/MaybeGo/internal/maybego/cpu.go:2193.29,2197.2 3 0
/home/jessica/dev/prs/git/MaybeGo/internal/maybego/cpu.go:2199.29,2206.2 6 0
/home/jessica/dev/prs/git/MaybeGo/internal/maybego/cpu.go:2208.29,2212.2 3 0
/home/jessica/dev/prs/git/MaybeGo/internal/maybego/cpu.go:2214.29,2218.2 3 0
/home/jessica/dev/prs/git/MaybeGo/internal/maybego/cpu.go:2220.29,2224.2 3 0
/home/jessica/dev/prs/git/MaybeGo/internal/maybego/cpu.go:2226.29,2230.2 3 0
/home/jessica/dev/prs/git/MaybeGo/internal/maybego/cpu.go:2232.29,2236.2 3 0
/home/jessica/dev/prs/git/MaybeGo/internal/maybego/cpu.go:2238.29,2242.2 3 0
/home/jessica/dev/prs/git/MaybeGo/internal/maybego/cpu.go:2244.29,2248.2 3 0
/home/jessica/dev/prs/git/MaybeGo/internal/maybego/cpu.go:2250.29,2257.2 6 0
/home/jessica/dev/prs/git/MaybeGo/internal/maybego/cpu.go:2259.29,2263.2 3 0
/home/jessica/dev/prs/git/MaybeGo/internal/maybego/cpu.go:2265.29,2269.2 3 0
/home/jessica/dev/prs/git/MaybeGo/internal/maybego/cpu.go:2271.29,2275.2 3 0
/home/jessica/dev/prs/git/MaybeGo/internal/maybego/cpu.go:2277.29,2281.2 3 0
/home/jessica/dev/prs/git/MaybeGo/internal/maybego/cpu.go:2283.29,2287.2 3 0
/home/jessica/dev/prs/git/MaybeGo/internal/maybego/cpu.go:2289.29,2293.2 3 0
/home/jessica/dev/prs/git/MaybeGo/internal/maybego/cpu.go:2295.29,2299.2 3 0
/home/jessica/dev/prs/git/MaybeGo/internal/maybego/cpu.go:2301.29,2308.2 6 0
/home/jessica/dev/prs/git/MaybeGo/internal/maybego/cpu.go:2310.29,2314.2 3 0
/home/jessica/dev/prs/git/MaybeGo/internal/maybego/cpu.go:2316.29,2320.2 3 0
/home/jessica/dev/prs/git/MaybeGo/internal/maybego/cpu.go:2322.29,2326.2 3 0
/home/jessica/dev/prs/git/MaybeGo/internal/maybego/cpu.go:2328.29,2332.2 3 0
/home/jessica/dev/prs/git/MaybeGo/internal/maybego/cpu.go:2334.29,2338.2 3 0
/home/jessica/dev/prs/git/MaybeGo/internal/maybego/cpu.go:2340.29,2344.2 3 0
/home/jessica/dev/prs/git/MaybeGo/internal/maybego/cpu.go:2346.29,2350.2 3 0
/home/jessica/dev/prs/git/MaybeGo/internal/maybego/cpu.go:2352.29,2359.2 6 0
/home/jessica/dev/prs/git/MaybeGo/internal/maybego/cpu.go:2361.29,2365.2 3 0
/home/jessica/dev/prs/git/MaybeGo/internal/maybego/cpu.go:2367.29,2371.2 3 0
/home/jessica/dev/prs/git/MaybeGo/internal/maybego/cpu.go:2373.29,2377.2 3 0
/home/jessica/dev/prs/git/MaybeGo/internal/maybego/cpu.go:2379.29,2383.2 3 0
/home/jessica/dev/prs/git/MaybeGo/internal/maybego/cpu.go:2385.29,2389.2 3 0
/home/jessica/dev/prs/git/MaybeGo/internal/maybego/cpu.go:2391.29,2395.2 3 0
/home/jessica/dev/prs/git/MaybeGo/internal/maybego/cpu.go:2397.29,2401.2 3 0
/home/jessica/dev/prs/git/MaybeGo/internal/maybego/cpu.go:2403.29,2410.2 6 0
/home/jessica/dev/prs/git/MaybeGo/internal/maybego/cpu.go:2412.29,2416.2 3 0
/home/jessica/dev/prs/git/MaybeGo/internal/maybego/cpu.go:2418.29,2422.2 3 0
/home/jessica/dev/prs/git/MaybeGo/internal/maybego/cpu.go:2424.29,2428.2 3 0
/home/jessica/dev/prs/git/MaybeGo/internal/maybego/cpu.go:2430.29,2434.2 3 0
/home/jessica/dev/prs/git/MaybeGo/internal/maybego/cpu.go:2436.29,2440.2 3 0
/home/jessica/dev/prs/git/MaybeGo/internal/maybego/cpu.go:2442.29,2446.2 3 0
/home/jessica/dev/prs/git/MaybeGo/internal/maybego/cpu.go:2448.29,2452.2 3 0
/home/jessica/dev/prs/git/MaybeGo/internal/maybego/cpu.go:2454.29,2461.2 6 0
/home/jessica/dev/prs/git/MaybeGo/internal/maybego/cpu.go:2463.29,2467.2 3 0
/home/jessica/dev/prs/git/MaybeGo/internal/maybego/cpu.go:2469.29,2473.2 3 0
/home/jessica/dev/prs/git/MaybeGo/internal/maybego/cpu.go:2475.29,2479.2 3 0
/home/jessica/dev/prs/git/MaybeGo/internal/maybego/cpu.go:2481.29,2485.2 3 0
/home/jessica/dev/prs/git/MaybeGo/internal/maybego/cpu.go:2487.29,2491.2 3 0
/home/jessica/dev/prs/git/MaybeGo/internal/maybego/cpu.go:2493.29,2497.2 3 0
/home/jessica/dev/prs/git/MaybeGo/internal/maybego/cpu.go:2499.29,2503.2 3 0
/home/jessica/dev/prs/git/MaybeGo/internal/maybego/cpu.go:2505.29,2512.2 6 0
/home/jessica/dev/prs/git/MaybeGo/internal/maybego/cpu.go:2514.29,2518.2 3 0
/home/jessica/dev/prs/git/MaybeGo/internal/maybego/cpu.go:2520.29,2524.2 3 0
/home/jessica/dev/prs/git/MaybeGo/internal/maybego/cpu.go:2526.29,2530.2 3 0
/home/jessica/dev/prs/git/MaybeGo/internal/maybego/cpu.go:2532.29,2536.2 3 0
/home/jessica/dev/prs/git/MaybeGo/internal/maybego/cpu.go:2538.29,2542.2 3 0
/home/jessica/dev/prs/git/MaybeGo/internal/maybego/cpu.go:2544.29,2548.2 3 0
/home/jessica/dev/prs/git/MaybeGo/internal/maybego/cpu.go:2550.29,2554.2 3 0
/home/jessica/dev/prs/git/MaybeGo/internal/maybego/cpu.go:2556.29,2563.2 6 0
/home/jessica/dev/prs/git/MaybeGo/internal/maybego/cpu.go:2565.29,2569.2 3 0
/home/jessica/dev/prs/git/MaybeGo/internal/maybego/cpu.go:2571.29,2575.2 3 0
/home/jessica/dev/prs/git/MaybeGo/internal/maybego/cpu.go:2577.29,2581.2 3 0
/home/jessica/dev/prs/git/MaybeGo/internal/maybego/cpu.go:2583.29,2587.2 3 0
/home/jessica/dev/prs/git/MaybeGo/internal/maybego/cpu.go:2589.29,2593.2 3 0
/home/jessica/dev/prs/git/MaybeGo/internal/maybego/cpu.go:2595.29,2599.2 3 0
/home/jessica/dev/prs/git/MaybeGo/internal/maybego/cpu.go:2601.29,2605.2 3 0
/home/jessica/dev/prs/git/MaybeGo/internal/maybego/cpu.go:2607.29,2614.2 6 0
/home/jessica/dev/prs/git/MaybeGo/internal/maybego/cpu.go:2616.29,2620.2 3 0
/home/jessica/dev/prs/git/MaybeGo/internal/maybego/cpu.go:2622.29,2626.2 3 0
/home/jessica/dev/prs/git/MaybeGo/internal/maybego/cpu.go:2628.29,2632.2 3 0
/home/jessica/dev/prs/git/MaybeGo/internal/maybego/cpu.go:2634.29,2638.2 3 0
/home/jessica/dev/prs/git/MaybeGo/internal/maybego/cpu.go:2640.29,2644.2 3 0
/home/jessica/dev/prs/git/MaybeGo/internal/maybego/cpu.go:2646.29,2650.2 3 0
/home/jessica/dev/prs/git/MaybeGo/internal/maybego/cpu.go:2652.29,2656.2 3 0
/home/jessica/dev/prs/git/MaybeGo/internal/maybego/cpu.go:2658.29,2665.2 6 0
/home/jessica/dev/prs/git/MaybeGo/internal/maybego/cpu.go:2667.29,2671.2 3 0
/home/jessica/dev/prs/git/MaybeGo/internal/maybego/cpu.go:2673.29,2677.2 3 0
/home/jessica/dev/prs/git/MaybeGo/internal/maybego/cpu.go:2679.29,2683.2 3 0
/home/jessica/dev/prs/git/MaybeGo/internal/maybego/cpu.go:2685.29,2689.2 3 0
/home/jessica/dev/prs/git/MaybeGo/internal/maybego/cpu.go:2691.29,2695.2 3 0
/home/jessica/dev/prs/git/MaybeGo/internal/maybego/cpu.go:2697.29,2701.2 3 0
/home/jessica/dev/prs/git/MaybeGo/internal/maybego/cpu.go:2703.29,2707.2 3 0
/home/jessica/dev/prs/git/MaybeGo/internal/maybego/cpu.go:2709.29,2716.2 6 0
/home/jessica/dev/prs/git/MaybeGo/internal/maybego/cpu.go:2718.29,2722.2 3 0
/home/jessica/dev/prs/git/MaybeGo/internal/maybego/cpu.go:2724.29,2728.2 3 0
/home/jessica/dev/prs/git/MaybeGo/internal/maybego/cpu.go:2730.29,2734.2 3 0
/home/jessica/dev/prs/git/MaybeGo/internal/maybego/cpu.go:2736.29,2740.2 3 0
/home/jessica/dev/prs/git/MaybeGo/internal/maybego/cpu.go:2742.29,2746.2 3 0
/home/jessica/dev/prs/git/MaybeGo/internal/maybego/cpu.go:2748.29,2752.2 3 0
/home/jessica/dev/prs/git/MaybeGo/internal/maybego/cpu.go:2754.29,2758.2 3 0
/home/jessica/dev/prs/git/MaybeGo/internal/maybego/cpu.go:2760.29,2767.2 6 0
/home/jessica/dev/prs/git/MaybeGo/internal/maybego/cpu.go:2769.29,2773.2 3 0
/home/jessica/dev/prs/git/MaybeGo/internal/maybego/cpu.go:2775.29,2779.2 3 0
/home/jessica/dev/prs/git/MaybeGo/internal/maybego/cpu.go:2781.29,2785.2 3 0
/home/jessica/dev/prs/git/MaybeGo/internal/maybego/cpu.go:2787.29,2791.2 3 0
/home/jessica/dev/prs/git/MaybeGo/internal/maybego/cpu.go:2793.29,2797.2 3 0
/home/jessica/dev/prs/git/MaybeGo/internal/maybego/cpu.go:2799.29,2803.2 3 0
/home/jessica/dev/prs/git/MaybeGo/internal/maybego/cpu.go:2805.29,2809.2 3 0
/home/jessica/dev/prs/git/MaybeGo/internal/maybego/cpu.go:2811.29,2818.2 6 0
/home/jessica/dev/prs/git/MaybeGo/internal/maybego/cpu.go:2820.29,2824.2 3 0
/home/jessica/dev/prs/git/MaybeGo/internal/maybego/cpu.go:2826.29,2830.2 3 0
/home/jessica/dev/prs/git/MaybeGo/internal/maybego/cpu.go:2832.29,2836.2 3 0
/home/jessica/dev/prs/git/MaybeGo/internal/maybego/cpu.go:2838.29,2842.2 3 0
/home/jessica/dev/prs/git/MaybeGo/internal/maybego/cpu.go:2844.29,2848.2 3 0
/home/jessica/dev/prs/git/MaybeGo/internal/maybego/cpu.go:2850.29,2854.2 3 0
/home/jessica/dev/prs/git/MaybeGo/internal/maybego/cpu.go:2856.29,2860.2 3 0
/home/jessica/dev/prs/git/MaybeGo/internal/maybego/cpu.go:2862.29,2869.2 6 0
/home/jessica/dev/prs/git/MaybeGo/internal/maybego/cpu.go:2871.29,2875.2 3 0
/home/jessica/dev/prs/git/MaybeGo/internal/maybego/cpu.go:2877.29,2881.2 3 0
/home/jessica/dev/prs/git/MaybeGo/internal/maybego/cpu.go:2883.29,2887.2 3 0
/home/jessica/dev/prs/git/MaybeGo/internal/maybego/cpu.go:2889.29,2893.2 3 0
/home/jessica/dev/prs/git/MaybeGo/internal/maybego/cpu.go:2895.29,2899.2 3 0
/home/jessica/dev/prs/git/MaybeGo/internal/maybego/cpu.go:2901.29,2905.2 3 0
/home/jessica/dev/prs/git/MaybeGo/internal/maybego/cpu.go:2907.29,2911.2 3 0
/home/jessica/dev/prs/git/MaybeGo/internal/maybego/cpu.go:2913.29,2920.2 6 0
/home/jessica/dev/prs/git/MaybeGo/internal/maybego/cpu.go:2922.29,2926.2 3 0
/home/jessica/dev/prs/git/MaybeGo/internal/maybego/cpu.go:2928.29,2932.2 3 0
/home/jessica/dev/prs/git/MaybeGo/internal/maybego/cpu.go:2934.29,2938.2 3 0
/home/jessica/dev/prs/git/MaybeGo/internal/maybego/cpu.go:2940.29,2944.2 3 0
/home/jessica/dev/prs/git/MaybeGo/internal/maybego/cpu.go:2946.29,2950.2 3 0
/home/jessica/dev/prs/git/MaybeGo/internal/maybego/cpu.go:2952.29,2956.2 3 0
/home/jessica/dev/prs/git/MaybeGo/internal/maybego/cpu.go:2958.29,2962.2 3 0
/home/jessica/dev/prs/git/MaybeGo/internal/maybego/cpu.go:2964.29,2971.2 6 0
/home/jessica/dev/prs/git/MaybeGo/internal/maybego/cpu.go:2973.29,2977.2 3 0
/home/jessica/dev/prs/git/MaybeGo/internal/maybego/cpu.go:2979.29,2983.2 3 0
/home/jessica/dev/prs/git/MaybeGo/internal/maybego/cpu.go:2985.29,2989.2 3 0
/home/jessica/dev/prs/git/MaybeGo/internal/maybego/cpu.go:2991.29,2995.2 3 0
/home/jessica/dev/prs/git/MaybeGo/internal/maybego/cpu.go:2997.29,3001.2 3 0
/home/jessica/dev/prs/git/MaybeGo/internal/maybego/cpu.go:3003.29,3007.2 3 0
/home/jessica/dev/prs/git/MaybeGo/internal/maybego/cpu.go:3009.29,3013.2 3 0
/home/jessica/dev/prs/git/MaybeGo/internal/maybego/cpu.go:3015.29,3022.2 6 0
/home/jessica/dev/prs/git/MaybeGo/internal/maybego/cpu.go:3024.29,3028.2 3 0
/home/jessica/dev/prs/git/MaybeGo/internal/maybego/cpu.go:3030.29,3034.2 3 0
/home/jessica/dev/prs/git/MaybeGo/internal/maybego/cpu.go:3036.29,3040.2 3 0
/home/jessica/dev/prs/git/MaybeGo/internal/maybego/cpu.go:3042.29,3046.2 3 0
/home/jessica/dev/prs/git/MaybeGo/internal/maybego/cpu.go:3048.29,3052.2 3 0
/home/jessica/dev/prs/git/MaybeGo/internal/maybego/cpu.go:3054.29,3058.2 3 0
/home/jessica/dev/prs/git/MaybeGo/internal/maybego/cpu.go:3060.29,3064.2 3 0
/home/jessica/dev/prs/git/MaybeGo/internal/maybego/cpu.go:3066.29,3073.2 6 0
/home/jessica/dev/prs/git/MaybeGo/internal/maybego/cpu.go:3075.29,3079.2 3 0
/home/jessica/dev/prs/git/MaybeGo/internal/maybego/cpu.go:3081.29,3085.2 3 0
/home/jessica/dev/prs/git/MaybeGo/internal/maybego/cpu.go:3087.29,3091.2 3 0
/home/jessica/dev/prs/git/MaybeGo/internal/maybego/cpu.go:3093.29,3097.2 3 0
/home/jessica/dev/prs/git/MaybeGo/internal/maybego/cpu.go:3099.29,3103.2 3 0
/home/jessica/dev/prs/git/MaybeGo/internal/maybego/cpu.go:3105.29,3109.2 3 0
/home/jessica/dev/prs/git/MaybeGo/internal/maybego/cpu.go:3111.29,3115.2 3 0
/home/jessica/dev/prs/git/MaybeGo/internal/maybego/cpu.go:3117.29,3124.2 6 0
/home/jessica/dev/prs/git/MaybeGo/internal/maybego/cpu.go:3126.29,3130.2 3 0
/home/jessica/dev/prs/git/MaybeGo/internal/maybego/cpu.go:3132.29,3136.2 3 0
/home/jessica/dev/prs/git/MaybeGo/internal/maybego/cpu.go:3138.29,3142.2 3 0
/home/jessica/dev/prs/git/MaybeGo/internal/maybego/cpu.go:3144.29,3148.2 3 0
/home/jessica/dev/prs/git/MaybeGo/internal/maybego/cpu.go:3150.29,3154.2 3 0
/home/jessica/dev/prs/git/MaybeGo/internal/maybego/cpu.go:3156.29,3160.2 3 0
/home/jessica/dev/prs/git/MaybeGo/internal/maybego/cpu.go:3162.29,3166.2 3 0
/home/jessica/dev/prs/git/MaybeGo/internal/maybego/cpu.go:3168.29,3175.2 6 0
/home/jessica/dev/prs/git/MaybeGo/internal/maybego/cpu.go:3177.29,3181.2 3 0
/home/jessica/dev/prs/git/MaybeGo/internal/maybego/cpu.go:3183.29,3187.2 3 0
/home/jessica/dev/prs/git/MaybeGo/internal/maybego/cpu.go:3189.29,3193.2 3 0
/home/jessica/dev/prs/git/MaybeGo/internal/maybego/cpu.go:3195.29,3199.2 3 0
/home/jessica/dev/prs/git/MaybeGo/internal/maybego/cpu.go:3201.29,3205.2 3 0
/home/jessica/dev/prs/git/MaybeGo/internal/maybego/cpu.go:3207.29,3211.2 3 0
/home/jessica/dev/prs/git/MaybeGo/internal/maybego/cpu.go:3213.29,3217.2 3 0
/home/jessica/dev/prs/git/MaybeGo/internal/maybego/cpu.go:3219.29,3226.2 6 0
/home/jessica/dev/prs/git/MaybeGo/internal/maybego/cpu.go:3228.29,3232.2 3 0
/home/jessica/dev/prs/git/MaybeGo/internal/maybego/cpu.go:3234.29,3238.2 3 0
/home/jessica/dev/prs/git/MaybeGo/internal/maybego/cpu.go:3240.29,3244.2 3 0
/home/jessica/dev/prs/git/MaybeGo/internal/maybego/cpu.go:3246.29,3250.2 3 0
/home/jessica/dev/prs/git/MaybeGo/internal/maybego/cpu.go:3252.29,3256.2 3 0
/home/jessica/dev/prs/git/MaybeGo/internal/maybego/cpu.go:3258.29,3262.2 3 0
/home/jessica/dev/prs/git/MaybeGo/internal/maybego/cpu.go:3264.29,3268.2 3 0
/home/jessica/dev/prs/git/MaybeGo/internal/maybego/cpu.go:3270.29,3277.2 6 0
/home/jessica/dev/prs/git/MaybeGo/internal/maybego/cpu.go:3279.29,3283.2 3 0
/home/jessica/dev/prs/git/MaybeGo/internal/maybego/cpu.go:3285.29,3289.2 3 0
/home/jessica/dev/prs/git/MaybeGo/internal/maybego/cpu.go:3291.29,3295.2 3 0
/home/jessica/dev/prs/git/MaybeGo/internal/maybego/cpu.go:3297.29,3301.2 3 0
/home/jessica/dev/prs/git/MaybeGo/internal/maybego/cpu.go:3303.29,3307.2 3 0
/home/jessica/dev/prs/git/MaybeGo/internal/maybego/cpu.go:3309.29,3313.2 3 0
/home/jessica/dev/prs/git/MaybeGo/internal/maybego/cpu.go:3315.29,3319.2 3 0
/home/jessica/dev/prs/git/MaybeGo/internal/maybego/cpu.go:3321.29,3328.2 6 0
/home/jessica/dev/prs/git/MaybeGo/internal/maybego/cpu.go:3330.29,3334.2 3 0
/home/jessica/dev/prs/git/MaybeGo/internal/maybego/cpu.go:3336.29,3340.2 3 0
/home/jessica/dev/prs/git/MaybeGo/internal/maybego/cpu.go:3342.29,3346.2 3 0
/home/jessica/dev/prs/git/MaybeGo/internal/maybego/cpu.go:3348.29,3352.2 3 0
/home/jessica/dev/prs/git/MaybeGo/internal/maybego/cpu.go:3354.29,3358.2 3 0
/home/jessica/dev/prs/git/MaybeGo/internal/maybego/cpu.go:3360.29,3364.2 3 0
/home/jessica/dev/prs/git/MaybeGo/internal/maybego/cpu.go:3366.29,3370.2 3 0
/home/jessica/dev/prs/git/MaybeGo/internal/maybego/cpu.go:3372.29,3379.2 6 0
/home/jessica/dev/prs/git/MaybeGo/internal/maybego/cpu.go:3381.29,3385.2 3 0
/home/jessica/dev/prs/git/MaybeGo/internal/maybego/cpu.go:3387.29,3391.2 3 0
/home/jessica/dev/prs/git/MaybeGo/internal/maybego/cpu.go:3393.29,3397.2 3 0
/home/jessica/dev/prs/git/MaybeGo/internal/maybego/cpu.go:3399.29,3403.2 3 0
/home/jessica/dev/prs/git/MaybeGo/internal/maybego/cpu.go:3405.29,3409.2 3 0
/home/jessica/dev/prs/git/MaybeGo/internal/maybego/cpu.go:3411.29,3415.2 3 0
/home/jessica/dev/prs/git/MaybeGo/internal/maybego/cpu.go:3417.29,3421.2 3 0
/home/jessica/dev/prs/git/MaybeGo/internal/maybego/cpu.go:3423.29,3430.2 6 0
/home/jessica/dev/prs/git/MaybeGo/internal/maybego/cpu.go:3432.29,3436.2 3 0
/home/jessica/dev/prs/git/MaybeGo/internal/maybego/cpu.go:3438.29,3442.2 3 0
/home/jessica/dev/prs/git/MaybeGo/internal/maybego/cpu.go:3444.29,3448.2 3 0
/home/jessica/dev/prs/git/MaybeGo/internal/maybego/cpu.go:3450.29,3454.2 3 0
/home/jessica/dev/prs/git/MaybeGo/internal/maybego/cpu.go:3456.29,3460.2 3 0
/home/jessica/dev/prs/git/MaybeGo/internal/maybego/cpu.go:3462.29,3466.2 3 0
/home/jessica/dev/prs/git/MaybeGo/internal/maybego/cpu.go:3468.29,3472.2 3 0
/home/jessica/dev/prs/git/MaybeGo/internal/maybego/cpu.go:3474.29,3481.2 6 0
/home/jessica/dev/prs/git/MaybeGo/internal/maybego/cpu.go:3483.29,3487.2 3 0
/home/jessica/dev/prs/git/MaybeGo/internal/maybego/cpu.go:3489.29,3493.2 3 0
/home/jessica/dev/prs/git/MaybeGo/internal/maybego/cpu.go:3495.29,3499.2 3 0
/home/jessica/dev/prs/git/MaybeGo/internal/maybego/cpu.go:3501.29,3505.2 3 0
/home/jessica/dev/prs/git/MaybeGo/internal/maybego/cpu.go:3507.29,3511.2 3 0
/home/jessica/dev/prs/git/MaybeGo/internal/maybego/cpu.go:3513.29,3517.2 3 0
/home/jessica/dev/prs/git/MaybeGo/internal/maybego/cpu.go:3519.29,3523.2 3 0
/home/jessica/dev/prs/git/MaybeGo/internal/maybego/cpu.go:3525.29,3532.2 6 0
/home/jessica/dev/prs/git/MaybeGo/internal/maybego/cpu.go:3534.29,3538.2 3 0
/home/jessica/dev/prs/git/MaybeGo/internal/maybego/cpu.go:3540.29,3544.2 3 0
/home/jessica/dev/prs/git/MaybeGo/internal/maybego/cpu.go:3546.29,3550.2 3 0
/home/jessica/dev/prs/git/MaybeGo/internal/maybego/cpu.go:3552.29,3556.2 3 0
/home/jessica/dev/prs/git/MaybeGo/internal/maybego/cpu.go:3558.29,3562.2 3 0
/home/jessica/dev/prs/git/MaybeGo/internal/maybego/cpu.go:3564.29,3568.2 3 0
/home/jessica/dev/prs/git/MaybeGo/internal/maybego/cpu.go:3570.29,3574.2 3 0
/home/jessica/dev/prs/git/MaybeGo/internal/maybego/cpu.go:3576.29,3583.2 6 0
/home/jessica/dev/prs/git/MaybeGo/internal/maybego/cpu.go:3585.29,3589.2 3 0
/home/jessica/dev/prs/git/MaybeGo/internal/maybego/cpu.go:3591.29,3595.2 3 0
/home/jessica/dev/prs/git/MaybeGo/internal/maybego/cpu.go:3597.29,3601.2 3 0
/home/jessica/dev/prs/git/MaybeGo/internal/maybego/cpu.go:3603.29,3607.2 3 0
/home/jessica/dev/prs/git/MaybeGo/internal/maybego/cpu.go:3609.29,3613.2 3 0
/home/jessica/dev/prs/git/MaybeGo/internal/maybego/cpu.go:3615.29,3619.2 3 0
/home/jessica/dev/prs/git/MaybeGo/internal/maybego/cpu.go:3621.29,3625.2 3 0
/home/jessica/dev/prs/git/MaybeGo/internal/maybego/cpu.go:3627.29,3634.2 6 0
/home/jessica/dev/prs/git/MaybeGo/internal/maybego/cpu.go:3636.29,3640.2 3 0
/home/jessica/dev/prs/git/MaybeGo/internal/maybego/cpu.go:3642.29,3646.2 3 0
/home/jessica/dev/prs/git/MaybeGo/internal/maybego/cpu.go:3648.29,3652.2 3 0
/home/jessica/dev/prs/git/MaybeGo/internal/maybego/cpu.go:3654.29,3658.2 3 0
/home/jessica/dev/prs/git/MaybeGo/internal/maybego/cpu.go:3660.29,3664.2 3 0
/home/jessica/dev/prs/git/MaybeGo/internal/maybego/cpu.go:3666.29,3670.2 3 0
/home/jessica/dev/prs/git/MaybeGo/internal/maybego/cpu.go:3672.29,3676.2 3 0
/home/jessica/dev/prs/git/MaybeGo/internal/maybego/cpu.go:3678.29,3685.2 6 0
/home/jessica/dev/prs/git/MaybeGo/internal/maybego/cpu.go:3687.29,3691.2 3 0
/home/jessica/dev/prs/git/MaybeGo/internal/maybego/cpu.go:3693.29,3697.2 3 0
/home/jessica/dev/prs/git/MaybeGo/internal/maybego/cpu.go:3699.29,3703.2 3 0
/home/jessica/dev/prs/git/MaybeGo/internal/maybego/cpu.go:3705.29,3709.2 3 0
/home/jessica/dev/prs/git/MaybeGo/internal/maybego/cpu.go:3711.29,3715.2 3 0
/home/jessica/dev/prs/git/MaybeGo/internal/maybego/cpu.go:3717.29,3721.2 3 0
/home/jessica/dev/prs/git/MaybeGo/internal/maybego/cpu.go:3723.29,3727.2 3 0
/home/jessica/dev/prs/git/MaybeGo/internal/maybego/cpu.go:3729.29,3736.2 6 0
/home/jessica/dev/prs/git/MaybeGo/internal/maybego/cpu.go:3738.29,3742.2 3 0
/home/jessica/dev/prs/git/MaybeGo/internal/maybego/cpu.go:3744.29,3748.2 3 0
/home/jessica/dev/prs/git/MaybeGo/internal/maybego/cpu.go:3750.29,3754.2 3 0
/home/jessica/dev/prs/git/MaybeGo/internal/maybego/cpu.go:3756.29,3760.2 3 0
/home/jessica/dev/prs/git/MaybeGo/internal/maybego/cpu.go:3762.29,3766.2 3 0
/home/jessica/dev/prs/git/MaybeGo/internal/maybego/cpu.go:3768.29,3772.2 3 0
/home/jessica/dev/prs/git/MaybeGo/internal/maybego/cpu.go:3774.29,3778.2 3 0
/home/jessica/dev/prs/git/MaybeGo/internal/maybego/cpu.go:3780.29,3787.2 6 0
/home/jessica/dev/prs/git/MaybeGo/internal/maybego/cpu.go:3789.29,3793.2 3 0
/home/jessica/dev/prs/git/MaybeGo/internal/maybego/cpu.go:3795.34,3800.31 3 0
/home/jessica/dev/prs/git/MaybeGo/internal/maybego/cpu.go:3827.2,3827.15 1 0
/home/jessica/dev/prs/git/MaybeGo/internal/maybego/cpu.go:3800.31,3803.26 3 0
/home/jessica/dev/prs/git/MaybeGo/internal/maybego/cpu.go:3806.3,3807.25 2 0
/home/jessica/dev/prs/git/MaybeGo/internal/maybego/cpu.go:3811.3,3811.18 1 0
/home/jessica/dev/prs/git/MaybeGo/internal/maybego/cpu.go:3803.26,3804.12 1 0
/home/jessica/dev/prs/git/MaybeGo/internal/maybego/cpu.go:3807.25,3808.12 1 0
/home/jessica/dev/prs/git/MaybeGo/internal/maybego/cpu.go:3811.18,3822.4 5 0
/home/jessica/dev/prs/git/MaybeGo/internal/maybego/cpu.go:3822.9,3822.26 1 0
/home/jessica/dev/prs/git/MaybeGo/internal/maybego/cpu.go:3822.26,3824.4 1 0
/home/jessica/dev/prs/git/MaybeGo/internal/maybego/cpu.go:3830.42,3834.20 3 1
/home/jessica/dev/prs/git/MaybeGo/internal/maybego/cpu.go:3838.2,3848.20 7 1
/home/jessica/dev/prs/git/MaybeGo/internal/maybego/cpu.go:3834.20,3836.3 1 0
/home/jessica/dev/prs/git/MaybeGo/internal/maybego/cpu.go:3848.20,3852.3 3 1
/home/jessica/dev/prs/git/MaybeGo/internal/maybego/cpu.go:3855.42,3861.14 4 1
/home/jessica/dev/prs/git/MaybeGo/internal/maybego/cpu.go:3865.2,3865.31 1 1
/home/jessica/dev/prs/git/MaybeGo/internal/maybego/cpu.go:3861.14,3863.3 1 1
/home/jessica/dev/prs/git/MaybeGo/internal/maybego/cpu.go:3868.44,3874.2 4 1
/home/jessica/dev/prs/git/MaybeGo/internal/maybego/cpu.go:3877.73,3883.24 5 1
/home/jessica/dev/prs/git/MaybeGo/internal/maybego/cpu.go:3886.2,3888.17 2 1
/home/jessica/dev/prs/git/MaybeGo/internal/maybego/cpu.go:3883.24,3885.3 1 1
/home/jessica/dev/prs/git/MaybeGo/internal/maybego/cpu.go:3891.57,3897.2 4 1
/home/jessica/dev/prs/git/MaybeGo/internal/maybego/memory.go:5.28,7.2 1 1
/home/jessica/dev/prs/git/MaybeGo/internal/maybego/memory.go:9.34,11.2 1 1
